0 info it worked if it ends with ok
1 verbose cli [ '/usr/local/bin/node', '/usr/local/bin/npm', 'i' ]
2 info using npm@3.10.9
3 info using node@v6.9.2
4 silly loadCurrentTree Starting
5 silly install loadCurrentTree
6 silly install readLocalPackageData
7 silly install normalizeTree
8 silly loadCurrentTree Finishing
9 silly loadIdealTree Starting
10 silly install loadIdealTree
11 silly cloneCurrentTree Starting
12 silly install cloneCurrentTreeToIdealTree
13 silly cloneCurrentTree Finishing
14 silly loadShrinkwrap Starting
15 silly install loadShrinkwrap
16 silly loadShrinkwrap Finishing
17 silly loadAllDepsIntoIdealTree Starting
18 silly install loadAllDepsIntoIdealTree
19 silly fetchNamedPackageData qrcode
20 silly mapToRegistry name qrcode
21 silly mapToRegistry using default registry
22 silly mapToRegistry registry https://registry.npmjs.org/
23 silly mapToRegistry data Result {
23 silly mapToRegistry   raw: 'qrcode',
23 silly mapToRegistry   scope: null,
23 silly mapToRegistry   escapedName: 'qrcode',
23 silly mapToRegistry   name: 'qrcode',
23 silly mapToRegistry   rawSpec: '',
23 silly mapToRegistry   spec: 'latest',
23 silly mapToRegistry   type: 'tag' }
24 silly mapToRegistry uri https://registry.npmjs.org/qrcode
25 verbose request uri https://registry.npmjs.org/qrcode
26 verbose request no auth needed
27 info attempt registry request try #1 at 11:58:07 AM
28 verbose request id 555aa25ede5eb980
29 verbose etag W/"591b0c14-d637"
30 verbose lastModified Tue, 16 May 2017 14:26:28 GMT
31 http request GET https://registry.npmjs.org/qrcode
32 http 304 https://registry.npmjs.org/qrcode
33 verbose headers { date: 'Tue, 16 May 2017 18:58:07 GMT',
33 verbose headers   via: '1.1 varnish',
33 verbose headers   'cache-control': 'max-age=300',
33 verbose headers   etag: 'W/"591b0c14-d637"',
33 verbose headers   age: '80',
33 verbose headers   connection: 'keep-alive',
33 verbose headers   'x-served-by': 'cache-sjc3132-SJC',
33 verbose headers   'x-cache': 'HIT',
33 verbose headers   'x-cache-hits': '1',
33 verbose headers   'x-timer': 'S1494961088.825993,VS0,VE1',
33 verbose headers   vary: 'Accept-Encoding' }
34 silly get cb [ 304,
34 silly get   { date: 'Tue, 16 May 2017 18:58:07 GMT',
34 silly get     via: '1.1 varnish',
34 silly get     'cache-control': 'max-age=300',
34 silly get     etag: 'W/"591b0c14-d637"',
34 silly get     age: '80',
34 silly get     connection: 'keep-alive',
34 silly get     'x-served-by': 'cache-sjc3132-SJC',
34 silly get     'x-cache': 'HIT',
34 silly get     'x-cache-hits': '1',
34 silly get     'x-timer': 'S1494961088.825993,VS0,VE1',
34 silly get     vary: 'Accept-Encoding' } ]
35 verbose etag https://registry.npmjs.org/qrcode from cache
36 verbose get saving qrcode to /Users/kamranabid/.npm/registry.npmjs.org/qrcode/.cache.json
37 verbose correctMkdir /Users/kamranabid/.npm correctMkdir not in flight; initializing
38 silly resolveWithNewModule qrcode@0.4.4 checking installable status
39 silly cache add args [ 'qrcode@^0.4.2', null ]
40 verbose cache add spec qrcode@^0.4.2
41 silly cache add parsed spec Result {
41 silly cache add   raw: 'qrcode@^0.4.2',
41 silly cache add   scope: null,
41 silly cache add   escapedName: 'qrcode',
41 silly cache add   name: 'qrcode',
41 silly cache add   rawSpec: '^0.4.2',
41 silly cache add   spec: '>=0.4.2 <0.5.0',
41 silly cache add   type: 'range' }
42 silly addNamed qrcode@>=0.4.2 <0.5.0
43 verbose addNamed ">=0.4.2 <0.5.0" is a valid semver range for qrcode
44 silly addNameRange { name: 'qrcode', range: '>=0.4.2 <0.5.0', hasData: false }
45 silly mapToRegistry name qrcode
46 silly mapToRegistry using default registry
47 silly mapToRegistry registry https://registry.npmjs.org/
48 silly mapToRegistry data Result {
48 silly mapToRegistry   raw: 'qrcode',
48 silly mapToRegistry   scope: null,
48 silly mapToRegistry   escapedName: 'qrcode',
48 silly mapToRegistry   name: 'qrcode',
48 silly mapToRegistry   rawSpec: '',
48 silly mapToRegistry   spec: 'latest',
48 silly mapToRegistry   type: 'tag' }
49 silly mapToRegistry uri https://registry.npmjs.org/qrcode
50 verbose addNameRange registry:https://registry.npmjs.org/qrcode not in flight; fetching
51 verbose get https://registry.npmjs.org/qrcode not expired, no request
52 silly addNameRange number 2 { name: 'qrcode', range: '>=0.4.2 <0.5.0', hasData: true }
53 silly addNameRange versions [ 'qrcode',
53 silly addNameRange   [ '0.0.1',
53 silly addNameRange     '0.0.2',
53 silly addNameRange     '0.0.3',
53 silly addNameRange     '0.1.0',
53 silly addNameRange     '0.1.1',
53 silly addNameRange     '0.2.2',
53 silly addNameRange     '0.2.3',
53 silly addNameRange     '0.2.4',
53 silly addNameRange     '0.2.5',
53 silly addNameRange     '0.2.6',
53 silly addNameRange     '0.2.7',
53 silly addNameRange     '0.2.8',
53 silly addNameRange     '0.2.9',
53 silly addNameRange     '0.2.10',
53 silly addNameRange     '0.2.11',
53 silly addNameRange     '0.2.12',
53 silly addNameRange     '0.3.0',
53 silly addNameRange     '0.3.1',
53 silly addNameRange     '0.4.0',
53 silly addNameRange     '0.4.1',
53 silly addNameRange     '0.4.2',
53 silly addNameRange     '0.4.4',
53 silly addNameRange     '0.5.0',
53 silly addNameRange     '0.6.0',
53 silly addNameRange     '0.7.0',
53 silly addNameRange     '0.7.1',
53 silly addNameRange     '0.8.0',
53 silly addNameRange     '0.8.1' ] ]
54 silly addNamed qrcode@0.4.4
55 verbose addNamed "0.4.4" is a plain semver version for qrcode
56 silly cache afterAdd qrcode@0.4.4
57 verbose afterAdd /Users/kamranabid/.npm/qrcode/0.4.4/package/package.json not in flight; writing
58 verbose correctMkdir /Users/kamranabid/.npm correctMkdir not in flight; initializing
59 verbose afterAdd /Users/kamranabid/.npm/qrcode/0.4.4/package/package.json written
60 silly fetchNamedPackageData canvas
61 silly mapToRegistry name canvas
62 silly mapToRegistry using default registry
63 silly mapToRegistry registry https://registry.npmjs.org/
64 silly mapToRegistry data Result {
64 silly mapToRegistry   raw: 'canvas',
64 silly mapToRegistry   scope: null,
64 silly mapToRegistry   escapedName: 'canvas',
64 silly mapToRegistry   name: 'canvas',
64 silly mapToRegistry   rawSpec: '',
64 silly mapToRegistry   spec: 'latest',
64 silly mapToRegistry   type: 'tag' }
65 silly mapToRegistry uri https://registry.npmjs.org/canvas
66 verbose request uri https://registry.npmjs.org/canvas
67 verbose request no auth needed
68 info attempt registry request try #1 at 11:58:08 AM
69 verbose etag W/"59122765-20d6e"
70 verbose lastModified Tue, 09 May 2017 20:32:37 GMT
71 http request GET https://registry.npmjs.org/canvas
72 http 304 https://registry.npmjs.org/canvas
73 verbose headers { date: 'Tue, 16 May 2017 18:58:08 GMT',
73 verbose headers   via: '1.1 varnish',
73 verbose headers   'cache-control': 'max-age=300',
73 verbose headers   etag: 'W/"59122765-20d6e"',
73 verbose headers   age: '80',
73 verbose headers   connection: 'keep-alive',
73 verbose headers   'x-served-by': 'cache-sjc3132-SJC',
73 verbose headers   'x-cache': 'HIT',
73 verbose headers   'x-cache-hits': '1',
73 verbose headers   'x-timer': 'S1494961088.030021,VS0,VE1',
73 verbose headers   vary: 'Accept-Encoding' }
74 silly get cb [ 304,
74 silly get   { date: 'Tue, 16 May 2017 18:58:08 GMT',
74 silly get     via: '1.1 varnish',
74 silly get     'cache-control': 'max-age=300',
74 silly get     etag: 'W/"59122765-20d6e"',
74 silly get     age: '80',
74 silly get     connection: 'keep-alive',
74 silly get     'x-served-by': 'cache-sjc3132-SJC',
74 silly get     'x-cache': 'HIT',
74 silly get     'x-cache-hits': '1',
74 silly get     'x-timer': 'S1494961088.030021,VS0,VE1',
74 silly get     vary: 'Accept-Encoding' } ]
75 verbose etag https://registry.npmjs.org/canvas from cache
76 verbose get saving canvas to /Users/kamranabid/.npm/registry.npmjs.org/canvas/.cache.json
77 verbose correctMkdir /Users/kamranabid/.npm correctMkdir not in flight; initializing
78 silly resolveWithNewModule canvas@1.3.16 checking installable status
79 silly cache add args [ 'canvas@~1.3.4', null ]
80 verbose cache add spec canvas@~1.3.4
81 silly cache add parsed spec Result {
81 silly cache add   raw: 'canvas@~1.3.4',
81 silly cache add   scope: null,
81 silly cache add   escapedName: 'canvas',
81 silly cache add   name: 'canvas',
81 silly cache add   rawSpec: '~1.3.4',
81 silly cache add   spec: '>=1.3.4 <1.4.0',
81 silly cache add   type: 'range' }
82 silly addNamed canvas@>=1.3.4 <1.4.0
83 verbose addNamed ">=1.3.4 <1.4.0" is a valid semver range for canvas
84 silly addNameRange { name: 'canvas', range: '>=1.3.4 <1.4.0', hasData: false }
85 silly mapToRegistry name canvas
86 silly mapToRegistry using default registry
87 silly mapToRegistry registry https://registry.npmjs.org/
88 silly mapToRegistry data Result {
88 silly mapToRegistry   raw: 'canvas',
88 silly mapToRegistry   scope: null,
88 silly mapToRegistry   escapedName: 'canvas',
88 silly mapToRegistry   name: 'canvas',
88 silly mapToRegistry   rawSpec: '',
88 silly mapToRegistry   spec: 'latest',
88 silly mapToRegistry   type: 'tag' }
89 silly mapToRegistry uri https://registry.npmjs.org/canvas
90 verbose addNameRange registry:https://registry.npmjs.org/canvas not in flight; fetching
91 verbose get https://registry.npmjs.org/canvas not expired, no request
92 silly addNameRange number 2 { name: 'canvas', range: '>=1.3.4 <1.4.0', hasData: true }
93 silly addNameRange versions [ 'canvas',
93 silly addNameRange   [ '0.0.1',
93 silly addNameRange     '0.0.2',
93 silly addNameRange     '0.0.3',
93 silly addNameRange     '0.0.4',
93 silly addNameRange     '0.0.5',
93 silly addNameRange     '0.0.6',
93 silly addNameRange     '0.0.7',
93 silly addNameRange     '0.0.8',
93 silly addNameRange     '0.1.0',
93 silly addNameRange     '0.2.0',
93 silly addNameRange     '0.2.1',
93 silly addNameRange     '0.3.0',
93 silly addNameRange     '0.3.1',
93 silly addNameRange     '0.3.2',
93 silly addNameRange     '0.3.3',
93 silly addNameRange     '0.4.0',
93 silly addNameRange     '0.4.1',
93 silly addNameRange     '0.4.2',
93 silly addNameRange     '0.4.3',
93 silly addNameRange     '0.5.0',
93 silly addNameRange     '0.5.1',
93 silly addNameRange     '0.5.2',
93 silly addNameRange     '0.5.3',
93 silly addNameRange     '0.5.4',
93 silly addNameRange     '0.6.0',
93 silly addNameRange     '0.7.0',
93 silly addNameRange     '0.7.1',
93 silly addNameRange     '0.7.2',
93 silly addNameRange     '0.7.3',
93 silly addNameRange     '0.8.0',
93 silly addNameRange     '0.8.1',
93 silly addNameRange     '0.8.2',
93 silly addNameRange     '0.8.3',
93 silly addNameRange     '0.9.0',
93 silly addNameRange     '0.10.0',
93 silly addNameRange     '0.10.1',
93 silly addNameRange     '0.10.2',
93 silly addNameRange     '0.10.3',
93 silly addNameRange     '0.11.0',
93 silly addNameRange     '0.11.1',
93 silly addNameRange     '0.11.2',
93 silly addNameRange     '0.11.3',
93 silly addNameRange     '0.12.0',
93 silly addNameRange     '0.12.1',
93 silly addNameRange     '0.13.0',
93 silly addNameRange     '0.13.1',
93 silly addNameRange     '1.0.0',
93 silly addNameRange     '1.0.1',
93 silly addNameRange     '1.0.2',
93 silly addNameRange     '1.0.3',
93 silly addNameRange     '1.0.4',
93 silly addNameRange     '1.1.0',
93 silly addNameRange     '1.1.1',
93 silly addNameRange     '1.1.2',
93 silly addNameRange     '1.1.3',
93 silly addNameRange     '1.1.4',
93 silly addNameRange     '1.1.5',
93 silly addNameRange     '1.1.6',
93 silly addNameRange     '1.2.0',
93 silly addNameRange     '1.2.1',
93 silly addNameRange     '1.2.2',
93 silly addNameRange     '1.2.3',
93 silly addNameRange     '1.2.4',
93 silly addNameRange     '1.2.5',
93 silly addNameRange     '1.2.6',
93 silly addNameRange     '1.2.7',
93 silly addNameRange     '1.2.8',
93 silly addNameRange     '1.2.9',
93 silly addNameRange     '1.2.10',
93 silly addNameRange     '1.2.11',
93 silly addNameRange     '1.3.0',
93 silly addNameRange     '1.3.1',
93 silly addNameRange     '1.3.2',
93 silly addNameRange     '1.3.3',
93 silly addNameRange     '1.3.4',
93 silly addNameRange     '1.3.5',
93 silly addNameRange     '1.3.6',
93 silly addNameRange     '1.3.7',
93 silly addNameRange     '1.3.8',
93 silly addNameRange     '1.3.9',
93 silly addNameRange     '1.3.10',
93 silly addNameRange     '1.3.11',
93 silly addNameRange     '1.3.12',
93 silly addNameRange     '1.3.13',
93 silly addNameRange     '1.3.14',
93 silly addNameRange     '1.3.15',
93 silly addNameRange     '1.3.16',
93 silly addNameRange     '1.4.0',
93 silly addNameRange     '1.5.0',
93 silly addNameRange     '1.6.0',
93 silly addNameRange     '1.6.1',
93 silly addNameRange     '1.6.2',
93 silly addNameRange     '1.6.3',
93 silly addNameRange     '1.6.4',
93 silly addNameRange     '1.6.5',
93 silly addNameRange     '2.0.0-alpha.1',
93 silly addNameRange     '2.0.0-alpha.2' ] ]
94 silly addNamed canvas@1.3.16
95 verbose addNamed "1.3.16" is a plain semver version for canvas
96 silly cache afterAdd canvas@1.3.16
97 verbose afterAdd /Users/kamranabid/.npm/canvas/1.3.16/package/package.json not in flight; writing
98 verbose correctMkdir /Users/kamranabid/.npm correctMkdir not in flight; initializing
99 verbose afterAdd /Users/kamranabid/.npm/canvas/1.3.16/package/package.json written
100 silly fetchNamedPackageData nan
101 silly mapToRegistry name nan
102 silly mapToRegistry using default registry
103 silly mapToRegistry registry https://registry.npmjs.org/
104 silly mapToRegistry data Result {
104 silly mapToRegistry   raw: 'nan',
104 silly mapToRegistry   scope: null,
104 silly mapToRegistry   escapedName: 'nan',
104 silly mapToRegistry   name: 'nan',
104 silly mapToRegistry   rawSpec: '',
104 silly mapToRegistry   spec: 'latest',
104 silly mapToRegistry   type: 'tag' }
105 silly mapToRegistry uri https://registry.npmjs.org/nan
106 verbose request uri https://registry.npmjs.org/nan
107 verbose request no auth needed
108 info attempt registry request try #1 at 11:58:08 AM
109 verbose etag W/"591906db-1f9db"
110 verbose lastModified Mon, 15 May 2017 01:39:39 GMT
111 http request GET https://registry.npmjs.org/nan
112 http 304 https://registry.npmjs.org/nan
113 verbose headers { date: 'Tue, 16 May 2017 18:58:08 GMT',
113 verbose headers   via: '1.1 varnish',
113 verbose headers   'cache-control': 'max-age=300',
113 verbose headers   etag: 'W/"591906db-1f9db"',
113 verbose headers   age: '62',
113 verbose headers   connection: 'keep-alive',
113 verbose headers   'x-served-by': 'cache-sjc3132-SJC',
113 verbose headers   'x-cache': 'HIT',
113 verbose headers   'x-cache-hits': '2',
113 verbose headers   'x-timer': 'S1494961088.086245,VS0,VE0',
113 verbose headers   vary: 'Accept-Encoding' }
114 silly get cb [ 304,
114 silly get   { date: 'Tue, 16 May 2017 18:58:08 GMT',
114 silly get     via: '1.1 varnish',
114 silly get     'cache-control': 'max-age=300',
114 silly get     etag: 'W/"591906db-1f9db"',
114 silly get     age: '62',
114 silly get     connection: 'keep-alive',
114 silly get     'x-served-by': 'cache-sjc3132-SJC',
114 silly get     'x-cache': 'HIT',
114 silly get     'x-cache-hits': '2',
114 silly get     'x-timer': 'S1494961088.086245,VS0,VE0',
114 silly get     vary: 'Accept-Encoding' } ]
115 verbose etag https://registry.npmjs.org/nan from cache
116 verbose get saving nan to /Users/kamranabid/.npm/registry.npmjs.org/nan/.cache.json
117 verbose correctMkdir /Users/kamranabid/.npm correctMkdir not in flight; initializing
118 silly resolveWithNewModule nan@2.6.2 checking installable status
119 silly cache add args [ 'nan@^2.3.2', null ]
120 verbose cache add spec nan@^2.3.2
121 silly cache add parsed spec Result {
121 silly cache add   raw: 'nan@^2.3.2',
121 silly cache add   scope: null,
121 silly cache add   escapedName: 'nan',
121 silly cache add   name: 'nan',
121 silly cache add   rawSpec: '^2.3.2',
121 silly cache add   spec: '>=2.3.2 <3.0.0',
121 silly cache add   type: 'range' }
122 silly addNamed nan@>=2.3.2 <3.0.0
123 verbose addNamed ">=2.3.2 <3.0.0" is a valid semver range for nan
124 silly addNameRange { name: 'nan', range: '>=2.3.2 <3.0.0', hasData: false }
125 silly mapToRegistry name nan
126 silly mapToRegistry using default registry
127 silly mapToRegistry registry https://registry.npmjs.org/
128 silly mapToRegistry data Result {
128 silly mapToRegistry   raw: 'nan',
128 silly mapToRegistry   scope: null,
128 silly mapToRegistry   escapedName: 'nan',
128 silly mapToRegistry   name: 'nan',
128 silly mapToRegistry   rawSpec: '',
128 silly mapToRegistry   spec: 'latest',
128 silly mapToRegistry   type: 'tag' }
129 silly mapToRegistry uri https://registry.npmjs.org/nan
130 verbose addNameRange registry:https://registry.npmjs.org/nan not in flight; fetching
131 verbose get https://registry.npmjs.org/nan not expired, no request
132 silly addNameRange number 2 { name: 'nan', range: '>=2.3.2 <3.0.0', hasData: true }
133 silly addNameRange versions [ 'nan',
133 silly addNameRange   [ '0.3.0-wip',
133 silly addNameRange     '0.3.0-wip2',
133 silly addNameRange     '0.3.0',
133 silly addNameRange     '0.3.1',
133 silly addNameRange     '0.3.2',
133 silly addNameRange     '0.4.0',
133 silly addNameRange     '0.4.1',
133 silly addNameRange     '0.4.2',
133 silly addNameRange     '0.4.3',
133 silly addNameRange     '0.4.4',
133 silly addNameRange     '0.5.0',
133 silly addNameRange     '0.5.1',
133 silly addNameRange     '0.5.2',
133 silly addNameRange     '0.6.0',
133 silly addNameRange     '0.7.0',
133 silly addNameRange     '0.7.1',
133 silly addNameRange     '0.8.0',
133 silly addNameRange     '1.0.0',
133 silly addNameRange     '1.1.0',
133 silly addNameRange     '1.1.1',
133 silly addNameRange     '1.1.2',
133 silly addNameRange     '1.2.0',
133 silly addNameRange     '1.3.0',
133 silly addNameRange     '1.4.0',
133 silly addNameRange     '1.4.1',
133 silly addNameRange     '1.5.0',
133 silly addNameRange     '1.4.2',
133 silly addNameRange     '1.4.3',
133 silly addNameRange     '1.5.1',
133 silly addNameRange     '1.5.2',
133 silly addNameRange     '1.6.0',
133 silly addNameRange     '1.5.3',
133 silly addNameRange     '1.6.1',
133 silly addNameRange     '1.6.2',
133 silly addNameRange     '1.7.0',
133 silly addNameRange     '1.8.0',
133 silly addNameRange     '1.8.1',
133 silly addNameRange     '1.8.2',
133 silly addNameRange     '1.8.3',
133 silly addNameRange     '1.8.4',
133 silly addNameRange     '1.9.0',
133 silly addNameRange     '2.0.0',
133 silly addNameRange     '2.0.1',
133 silly addNameRange     '2.0.2',
133 silly addNameRange     '2.0.3',
133 silly addNameRange     '2.0.4',
133 silly addNameRange     '2.0.5',
133 silly addNameRange     '2.0.6',
133 silly addNameRange     '2.0.7',
133 silly addNameRange     '2.0.8',
133 silly addNameRange     '2.0.9',
133 silly addNameRange     '2.1.0',
133 silly addNameRange     '2.2.0',
133 silly addNameRange     '2.2.1',
133 silly addNameRange     '2.3.0',
133 silly addNameRange     '2.3.1',
133 silly addNameRange     '2.3.2',
133 silly addNameRange     '2.3.3',
133 silly addNameRange     '2.3.4',
133 silly addNameRange     '2.3.5',
133 silly addNameRange     '2.4.0',
133 silly addNameRange     '2.5.0',
133 silly addNameRange     '2.5.1',
133 silly addNameRange     '2.6.0',
133 silly addNameRange     '2.6.1',
133 silly addNameRange     '2.6.2' ] ]
134 silly addNamed nan@2.6.2
135 verbose addNamed "2.6.2" is a plain semver version for nan
136 silly cache afterAdd nan@2.6.2
137 verbose afterAdd /Users/kamranabid/.npm/nan/2.6.2/package/package.json not in flight; writing
138 verbose correctMkdir /Users/kamranabid/.npm correctMkdir not in flight; initializing
139 verbose afterAdd /Users/kamranabid/.npm/nan/2.6.2/package/package.json written
140 silly loadAllDepsIntoIdealTree Finishing
141 silly loadIdealTree Finishing
142 silly currentTree webApp2
142 silly currentTree ├── accepts@1.3.3
142 silly currentTree ├── acorn-globals@1.0.9
142 silly currentTree ├── acorn@2.7.0
142 silly currentTree ├── align-text@0.1.4
142 silly currentTree ├── amdefine@1.0.1
142 silly currentTree ├── append-field@0.1.0
142 silly currentTree ├── array-flatten@1.1.1
142 silly currentTree ├── asap@1.0.0
142 silly currentTree ├── async@2.1.4
142 silly currentTree ├── balanced-match@0.4.2
142 silly currentTree ├── base64-js@0.0.2
142 silly currentTree ├── bluebird@2.10.2
142 silly currentTree ├── body-parser@1.17.1
142 silly currentTree ├── bops@0.0.6
142 silly currentTree ├── brace-expansion@1.1.7
142 silly currentTree ├── bson@1.0.4
142 silly currentTree ├── buffer-shims@1.0.0
142 silly currentTree ├── busboy@0.2.14
142 silly currentTree ├── bytes@2.4.0
142 silly currentTree ├── camelcase@1.2.1
142 silly currentTree ├── center-align@0.1.3
142 silly currentTree ├── character-parser@1.2.1
142 silly currentTree ├─┬ clean-css@3.4.25
142 silly currentTree │ └── commander@2.8.1
142 silly currentTree ├─┬ cliui@2.1.0
142 silly currentTree │ └── wordwrap@0.0.2
142 silly currentTree ├── colors@1.1.2
142 silly currentTree ├── commander@2.6.0
142 silly currentTree ├── concat-map@0.0.1
142 silly currentTree ├─┬ concat-stream@1.6.0
142 silly currentTree │ ├── isarray@1.0.0
142 silly currentTree │ ├── readable-stream@2.2.9
142 silly currentTree │ └── string_decoder@1.0.0
142 silly currentTree ├── connect-flash@0.1.1
142 silly currentTree ├── constantinople@3.0.2
142 silly currentTree ├── content-disposition@0.5.2
142 silly currentTree ├── content-type@1.0.2
142 silly currentTree ├── cookie-parser@1.4.3
142 silly currentTree ├── cookie-signature@1.0.6
142 silly currentTree ├── cookie@0.3.1
142 silly currentTree ├── core-util-is@1.0.2
142 silly currentTree ├── crc@3.4.4
142 silly currentTree ├── css-parse@1.0.4
142 silly currentTree ├── css-stringify@1.0.5
142 silly currentTree ├── css@1.0.8
142 silly currentTree ├── debug@2.6.1
142 silly currentTree ├── decamelize@1.2.0
142 silly currentTree ├── depd@1.1.0
142 silly currentTree ├── destroy@1.0.4
142 silly currentTree ├── dicer@0.2.5
142 silly currentTree ├── ee-first@1.1.1
142 silly currentTree ├── ejs@2.5.6
142 silly currentTree ├── encodeurl@1.0.1
142 silly currentTree ├── es6-promise@3.2.1
142 silly currentTree ├── escape-html@1.0.3
142 silly currentTree ├── etag@1.8.0
142 silly currentTree ├─┬ express-session@1.15.2
142 silly currentTree │ └── debug@2.6.3
142 silly currentTree ├── express@4.15.2
142 silly currentTree ├─┬ finalhandler@1.0.2
142 silly currentTree │ ├── debug@2.6.4
142 silly currentTree │ └── ms@0.7.3
142 silly currentTree ├── forwarded@0.1.0
142 silly currentTree ├── fresh@0.5.0
142 silly currentTree ├── fs-extra@0.26.7
142 silly currentTree ├── fs.realpath@1.0.0
142 silly currentTree ├── glob@7.1.1
142 silly currentTree ├── graceful-fs@4.1.11
142 silly currentTree ├── graceful-readlink@1.0.1
142 silly currentTree ├── hooks-fixed@2.0.0
142 silly currentTree ├── http-errors@1.6.1
142 silly currentTree ├── iconv-lite@0.4.15
142 silly currentTree ├── inflight@1.0.6
142 silly currentTree ├── inherits@2.0.3
142 silly currentTree ├── ipaddr.js@1.3.0
142 silly currentTree ├── is-buffer@1.1.5
142 silly currentTree ├── is-promise@2.1.0
142 silly currentTree ├── isarray@0.0.1
142 silly currentTree ├── jade@1.11.0
142 silly currentTree ├── json@9.0.6
142 silly currentTree ├── jsonfile@2.4.0
142 silly currentTree ├── jstransformer@0.0.2
142 silly currentTree ├── kareem@1.4.1
142 silly currentTree ├── kind-of@3.2.0
142 silly currentTree ├── klaw@1.3.1
142 silly currentTree ├── lazy-cache@1.0.4
142 silly currentTree ├── lodash@4.17.4
142 silly currentTree ├── longest@1.0.1
142 silly currentTree ├── media-typer@0.3.0
142 silly currentTree ├── merge-descriptors@1.0.1
142 silly currentTree ├── methods@1.1.2
142 silly currentTree ├── mime-db@1.27.0
142 silly currentTree ├── mime-types@2.1.15
142 silly currentTree ├── mime@1.3.4
142 silly currentTree ├── minimatch@3.0.4
142 silly currentTree ├── minimist@0.0.8
142 silly currentTree ├── mkdirp@0.5.1
142 silly currentTree ├── mongodb-core@2.1.10
142 silly currentTree ├─┬ mongodb@2.2.26
142 silly currentTree │ ├── isarray@1.0.0
142 silly currentTree │ ├── readable-stream@2.2.7
142 silly currentTree │ └── string_decoder@1.0.0
142 silly currentTree ├── mongoose@4.9.8
142 silly currentTree ├── mpath@0.2.1
142 silly currentTree ├── mpromise@0.5.5
142 silly currentTree ├─┬ mquery@2.3.0
142 silly currentTree │ ├── debug@2.2.0
142 silly currentTree │ ├── ms@0.7.1
142 silly currentTree │ └── sliced@0.0.5
142 silly currentTree ├── ms@0.7.2
142 silly currentTree ├── multer@1.3.0
142 silly currentTree ├── muri@1.2.1
142 silly currentTree ├── negotiator@0.6.1
142 silly currentTree ├── object-assign@3.0.0
142 silly currentTree ├── on-finished@2.3.0
142 silly currentTree ├── on-headers@1.0.1
142 silly currentTree ├── once@1.4.0
142 silly currentTree ├── optimist@0.3.7
142 silly currentTree ├── parseurl@1.3.1
142 silly currentTree ├── path-is-absolute@1.0.1
142 silly currentTree ├── path-to-regexp@0.1.7
142 silly currentTree ├── path@0.12.7
142 silly currentTree ├── process-nextick-args@1.0.7
142 silly currentTree ├── process@0.11.10
142 silly currentTree ├── promise@6.1.0
142 silly currentTree ├── proxy-addr@1.1.4
142 silly currentTree ├── qs@6.4.0
142 silly currentTree ├── random-bytes@1.0.0
142 silly currentTree ├── range-parser@1.2.0
142 silly currentTree ├── raw-body@2.2.0
142 silly currentTree ├── readable-stream@1.1.14
142 silly currentTree ├── regexp-clone@0.0.1
142 silly currentTree ├── repeat-string@1.6.1
142 silly currentTree ├── require_optional@1.0.0
142 silly currentTree ├── resolve-from@2.0.0
142 silly currentTree ├── right-align@0.1.3
142 silly currentTree ├── rimraf@2.6.1
142 silly currentTree ├── semver@5.3.0
142 silly currentTree ├── send@0.15.1
142 silly currentTree ├── serve-static@1.12.1
142 silly currentTree ├── setprototypeof@1.0.3
142 silly currentTree ├── sliced@1.0.1
142 silly currentTree ├── source-map@0.4.4
142 silly currentTree ├── statuses@1.3.1
142 silly currentTree ├── streamsearch@0.1.2
142 silly currentTree ├── string_decoder@0.10.31
142 silly currentTree ├── to-utf8@0.0.1
142 silly currentTree ├─┬ transformers@2.1.0
142 silly currentTree │ ├── is-promise@1.0.1
142 silly currentTree │ ├── promise@2.0.0
142 silly currentTree │ ├── source-map@0.1.43
142 silly currentTree │ └── uglify-js@2.2.5
142 silly currentTree ├── type-is@1.6.15
142 silly currentTree ├── typedarray@0.0.6
142 silly currentTree ├─┬ uglify-js@2.8.23
142 silly currentTree │ └── source-map@0.5.6
142 silly currentTree ├── uglify-to-browserify@1.0.2
142 silly currentTree ├── uid-safe@2.1.4
142 silly currentTree ├── unpipe@1.0.0
142 silly currentTree ├── util-deprecate@1.0.2
142 silly currentTree ├─┬ util@0.10.3
142 silly currentTree │ └── inherits@2.0.1
142 silly currentTree ├── utils-merge@1.0.0
142 silly currentTree ├── vary@1.1.1
142 silly currentTree ├── void-elements@2.0.1
142 silly currentTree ├── window-size@0.1.0
142 silly currentTree ├─┬ with@4.0.3
142 silly currentTree │ └── acorn@1.2.2
142 silly currentTree ├── wordwrap@0.0.3
142 silly currentTree ├── wrappy@1.0.2
142 silly currentTree ├── xtend@4.0.1
142 silly currentTree └── yargs@3.10.0
143 silly idealTree webApp2
143 silly idealTree ├── accepts@1.3.3
143 silly idealTree ├── acorn-globals@1.0.9
143 silly idealTree ├── acorn@2.7.0
143 silly idealTree ├── align-text@0.1.4
143 silly idealTree ├── amdefine@1.0.1
143 silly idealTree ├── append-field@0.1.0
143 silly idealTree ├── array-flatten@1.1.1
143 silly idealTree ├── asap@1.0.0
143 silly idealTree ├── async@2.1.4
143 silly idealTree ├── balanced-match@0.4.2
143 silly idealTree ├── base64-js@0.0.2
143 silly idealTree ├── bluebird@2.10.2
143 silly idealTree ├── body-parser@1.17.1
143 silly idealTree ├── bops@0.0.6
143 silly idealTree ├── brace-expansion@1.1.7
143 silly idealTree ├── bson@1.0.4
143 silly idealTree ├── buffer-shims@1.0.0
143 silly idealTree ├── busboy@0.2.14
143 silly idealTree ├── bytes@2.4.0
143 silly idealTree ├── camelcase@1.2.1
143 silly idealTree ├── canvas@1.3.16
143 silly idealTree ├── center-align@0.1.3
143 silly idealTree ├── character-parser@1.2.1
143 silly idealTree ├─┬ clean-css@3.4.25
143 silly idealTree │ └── commander@2.8.1
143 silly idealTree ├─┬ cliui@2.1.0
143 silly idealTree │ └── wordwrap@0.0.2
143 silly idealTree ├── colors@1.1.2
143 silly idealTree ├── commander@2.6.0
143 silly idealTree ├── concat-map@0.0.1
143 silly idealTree ├─┬ concat-stream@1.6.0
143 silly idealTree │ ├── isarray@1.0.0
143 silly idealTree │ ├── readable-stream@2.2.9
143 silly idealTree │ └── string_decoder@1.0.0
143 silly idealTree ├── connect-flash@0.1.1
143 silly idealTree ├── constantinople@3.0.2
143 silly idealTree ├── content-disposition@0.5.2
143 silly idealTree ├── content-type@1.0.2
143 silly idealTree ├── cookie-parser@1.4.3
143 silly idealTree ├── cookie-signature@1.0.6
143 silly idealTree ├── cookie@0.3.1
143 silly idealTree ├── core-util-is@1.0.2
143 silly idealTree ├── crc@3.4.4
143 silly idealTree ├── css-parse@1.0.4
143 silly idealTree ├── css-stringify@1.0.5
143 silly idealTree ├── css@1.0.8
143 silly idealTree ├── debug@2.6.1
143 silly idealTree ├── decamelize@1.2.0
143 silly idealTree ├── depd@1.1.0
143 silly idealTree ├── destroy@1.0.4
143 silly idealTree ├── dicer@0.2.5
143 silly idealTree ├── ee-first@1.1.1
143 silly idealTree ├── ejs@2.5.6
143 silly idealTree ├── encodeurl@1.0.1
143 silly idealTree ├── es6-promise@3.2.1
143 silly idealTree ├── escape-html@1.0.3
143 silly idealTree ├── etag@1.8.0
143 silly idealTree ├─┬ express-session@1.15.2
143 silly idealTree │ └── debug@2.6.3
143 silly idealTree ├── express@4.15.2
143 silly idealTree ├─┬ finalhandler@1.0.2
143 silly idealTree │ ├── debug@2.6.4
143 silly idealTree │ └── ms@0.7.3
143 silly idealTree ├── forwarded@0.1.0
143 silly idealTree ├── fresh@0.5.0
143 silly idealTree ├── fs-extra@0.26.7
143 silly idealTree ├── fs.realpath@1.0.0
143 silly idealTree ├── glob@7.1.1
143 silly idealTree ├── graceful-fs@4.1.11
143 silly idealTree ├── graceful-readlink@1.0.1
143 silly idealTree ├── hooks-fixed@2.0.0
143 silly idealTree ├── http-errors@1.6.1
143 silly idealTree ├── iconv-lite@0.4.15
143 silly idealTree ├── inflight@1.0.6
143 silly idealTree ├── inherits@2.0.3
143 silly idealTree ├── ipaddr.js@1.3.0
143 silly idealTree ├── is-buffer@1.1.5
143 silly idealTree ├── is-promise@2.1.0
143 silly idealTree ├── isarray@0.0.1
143 silly idealTree ├── jade@1.11.0
143 silly idealTree ├── json@9.0.6
143 silly idealTree ├── jsonfile@2.4.0
143 silly idealTree ├── jstransformer@0.0.2
143 silly idealTree ├── kareem@1.4.1
143 silly idealTree ├── kind-of@3.2.0
143 silly idealTree ├── klaw@1.3.1
143 silly idealTree ├── lazy-cache@1.0.4
143 silly idealTree ├── lodash@4.17.4
143 silly idealTree ├── longest@1.0.1
143 silly idealTree ├── media-typer@0.3.0
143 silly idealTree ├── merge-descriptors@1.0.1
143 silly idealTree ├── methods@1.1.2
143 silly idealTree ├── mime-db@1.27.0
143 silly idealTree ├── mime-types@2.1.15
143 silly idealTree ├── mime@1.3.4
143 silly idealTree ├── minimatch@3.0.4
143 silly idealTree ├── minimist@0.0.8
143 silly idealTree ├── mkdirp@0.5.1
143 silly idealTree ├── mongodb-core@2.1.10
143 silly idealTree ├─┬ mongodb@2.2.26
143 silly idealTree │ ├── isarray@1.0.0
143 silly idealTree │ ├── readable-stream@2.2.7
143 silly idealTree │ └── string_decoder@1.0.0
143 silly idealTree ├── mongoose@4.9.8
143 silly idealTree ├── mpath@0.2.1
143 silly idealTree ├── mpromise@0.5.5
143 silly idealTree ├─┬ mquery@2.3.0
143 silly idealTree │ ├── debug@2.2.0
143 silly idealTree │ ├── ms@0.7.1
143 silly idealTree │ └── sliced@0.0.5
143 silly idealTree ├── ms@0.7.2
143 silly idealTree ├── multer@1.3.0
143 silly idealTree ├── muri@1.2.1
143 silly idealTree ├── nan@2.6.2
143 silly idealTree ├── negotiator@0.6.1
143 silly idealTree ├── object-assign@3.0.0
143 silly idealTree ├── on-finished@2.3.0
143 silly idealTree ├── on-headers@1.0.1
143 silly idealTree ├── once@1.4.0
143 silly idealTree ├── optimist@0.3.7
143 silly idealTree ├── parseurl@1.3.1
143 silly idealTree ├── path-is-absolute@1.0.1
143 silly idealTree ├── path-to-regexp@0.1.7
143 silly idealTree ├── path@0.12.7
143 silly idealTree ├── process-nextick-args@1.0.7
143 silly idealTree ├── process@0.11.10
143 silly idealTree ├── promise@6.1.0
143 silly idealTree ├── proxy-addr@1.1.4
143 silly idealTree ├── qrcode@0.4.4
143 silly idealTree ├── qs@6.4.0
143 silly idealTree ├── random-bytes@1.0.0
143 silly idealTree ├── range-parser@1.2.0
143 silly idealTree ├── raw-body@2.2.0
143 silly idealTree ├── readable-stream@1.1.14
143 silly idealTree ├── regexp-clone@0.0.1
143 silly idealTree ├── repeat-string@1.6.1
143 silly idealTree ├── require_optional@1.0.0
143 silly idealTree ├── resolve-from@2.0.0
143 silly idealTree ├── right-align@0.1.3
143 silly idealTree ├── rimraf@2.6.1
143 silly idealTree ├── semver@5.3.0
143 silly idealTree ├── send@0.15.1
143 silly idealTree ├── serve-static@1.12.1
143 silly idealTree ├── setprototypeof@1.0.3
143 silly idealTree ├── sliced@1.0.1
143 silly idealTree ├── source-map@0.4.4
143 silly idealTree ├── statuses@1.3.1
143 silly idealTree ├── streamsearch@0.1.2
143 silly idealTree ├── string_decoder@0.10.31
143 silly idealTree ├── to-utf8@0.0.1
143 silly idealTree ├─┬ transformers@2.1.0
143 silly idealTree │ ├── is-promise@1.0.1
143 silly idealTree │ ├── promise@2.0.0
143 silly idealTree │ ├── source-map@0.1.43
143 silly idealTree │ └── uglify-js@2.2.5
143 silly idealTree ├── type-is@1.6.15
143 silly idealTree ├── typedarray@0.0.6
143 silly idealTree ├─┬ uglify-js@2.8.23
143 silly idealTree │ └── source-map@0.5.6
143 silly idealTree ├── uglify-to-browserify@1.0.2
143 silly idealTree ├── uid-safe@2.1.4
143 silly idealTree ├── unpipe@1.0.0
143 silly idealTree ├── util-deprecate@1.0.2
143 silly idealTree ├─┬ util@0.10.3
143 silly idealTree │ └── inherits@2.0.1
143 silly idealTree ├── utils-merge@1.0.0
143 silly idealTree ├── vary@1.1.1
143 silly idealTree ├── void-elements@2.0.1
143 silly idealTree ├── window-size@0.1.0
143 silly idealTree ├─┬ with@4.0.3
143 silly idealTree │ └── acorn@1.2.2
143 silly idealTree ├── wordwrap@0.0.3
143 silly idealTree ├── wrappy@1.0.2
143 silly idealTree ├── xtend@4.0.1
143 silly idealTree └── yargs@3.10.0
144 silly generateActionsToTake Starting
145 silly install generateActionsToTake
146 silly generateActionsToTake Finishing
147 silly diffTrees action count 3
148 silly diffTrees add nan@2.6.2
149 silly diffTrees add canvas@1.3.16
150 silly diffTrees add qrcode@0.4.4
151 silly decomposeActions action count 24
152 silly decomposeActions fetch nan@2.6.2
153 silly decomposeActions extract nan@2.6.2
154 silly decomposeActions test nan@2.6.2
155 silly decomposeActions preinstall nan@2.6.2
156 silly decomposeActions build nan@2.6.2
157 silly decomposeActions install nan@2.6.2
158 silly decomposeActions postinstall nan@2.6.2
159 silly decomposeActions finalize nan@2.6.2
160 silly decomposeActions fetch canvas@1.3.16
161 silly decomposeActions extract canvas@1.3.16
162 silly decomposeActions test canvas@1.3.16
163 silly decomposeActions preinstall canvas@1.3.16
164 silly decomposeActions build canvas@1.3.16
165 silly decomposeActions install canvas@1.3.16
166 silly decomposeActions postinstall canvas@1.3.16
167 silly decomposeActions finalize canvas@1.3.16
168 silly decomposeActions fetch qrcode@0.4.4
169 silly decomposeActions extract qrcode@0.4.4
170 silly decomposeActions test qrcode@0.4.4
171 silly decomposeActions preinstall qrcode@0.4.4
172 silly decomposeActions build qrcode@0.4.4
173 silly decomposeActions install qrcode@0.4.4
174 silly decomposeActions postinstall qrcode@0.4.4
175 silly decomposeActions finalize qrcode@0.4.4
176 silly runTopLevelLifecycles Starting
177 silly install runPreinstallTopLevelLifecycles
178 silly preinstall webApp2 /Users/kamranabid/Desktop/TTFF-project/TTFFCamp/webApp2/webApp2-dda496d6
179 info lifecycle undefined~preinstall: undefined
180 silly lifecycle undefined~preinstall: no script for preinstall, continuing
181 silly executeActions Starting
182 silly install executeActions
183 silly doSerial global-install 0
184 silly doParallel fetch 3
185 verbose correctMkdir /Users/kamranabid/.npm/_locks correctMkdir not in flight; initializing
186 verbose lock using /Users/kamranabid/.npm/_locks/staging-4300e487a60ecc47.lock for /Users/kamranabid/Desktop/TTFF-project/TTFFCamp/webApp2/node_modules/.staging
187 silly doParallel extract 3
188 silly extract nan@2.6.2
189 silly extract canvas@1.3.16
190 silly extract qrcode@0.4.4
191 verbose unbuild node_modules/.staging/nan-10f64d01
192 verbose unbuild node_modules/.staging/canvas-08621eb0
193 verbose unbuild node_modules/.staging/qrcode-9e286d39
194 silly gentlyRm /Users/kamranabid/Desktop/TTFF-project/TTFFCamp/webApp2/node_modules/.staging/nan-10f64d01 is being purged from base /Users/kamranabid/Desktop/TTFF-project/TTFFCamp/webApp2
195 verbose gentlyRm don't care about contents; nuking /Users/kamranabid/Desktop/TTFF-project/TTFFCamp/webApp2/node_modules/.staging/nan-10f64d01
196 silly gentlyRm /Users/kamranabid/Desktop/TTFF-project/TTFFCamp/webApp2/node_modules/.staging/canvas-08621eb0 is being purged from base /Users/kamranabid/Desktop/TTFF-project/TTFFCamp/webApp2
197 verbose gentlyRm don't care about contents; nuking /Users/kamranabid/Desktop/TTFF-project/TTFFCamp/webApp2/node_modules/.staging/canvas-08621eb0
198 verbose tar unpack /Users/kamranabid/.npm/nan/2.6.2/package.tgz
199 verbose tar unpacking to /Users/kamranabid/Desktop/TTFF-project/TTFFCamp/webApp2/node_modules/.staging/nan-10f64d01
200 silly gentlyRm /Users/kamranabid/Desktop/TTFF-project/TTFFCamp/webApp2/node_modules/.staging/nan-10f64d01 is being purged
201 verbose gentlyRm don't care about contents; nuking /Users/kamranabid/Desktop/TTFF-project/TTFFCamp/webApp2/node_modules/.staging/nan-10f64d01
202 verbose tar unpack /Users/kamranabid/.npm/canvas/1.3.16/package.tgz
203 verbose tar unpacking to /Users/kamranabid/Desktop/TTFF-project/TTFFCamp/webApp2/node_modules/.staging/canvas-08621eb0
204 silly gentlyRm /Users/kamranabid/Desktop/TTFF-project/TTFFCamp/webApp2/node_modules/.staging/canvas-08621eb0 is being purged
205 verbose gentlyRm don't care about contents; nuking /Users/kamranabid/Desktop/TTFF-project/TTFFCamp/webApp2/node_modules/.staging/canvas-08621eb0
206 silly gentlyRm /Users/kamranabid/Desktop/TTFF-project/TTFFCamp/webApp2/node_modules/.staging/qrcode-9e286d39 is being purged from base /Users/kamranabid/Desktop/TTFF-project/TTFFCamp/webApp2
207 verbose gentlyRm don't care about contents; nuking /Users/kamranabid/Desktop/TTFF-project/TTFFCamp/webApp2/node_modules/.staging/qrcode-9e286d39
208 silly gunzTarPerm modes [ '755', '644' ]
209 silly gunzTarPerm modes [ '755', '644' ]
210 verbose tar unpack /Users/kamranabid/.npm/qrcode/0.4.4/package.tgz
211 verbose tar unpacking to /Users/kamranabid/Desktop/TTFF-project/TTFFCamp/webApp2/node_modules/.staging/qrcode-9e286d39
212 silly gentlyRm /Users/kamranabid/Desktop/TTFF-project/TTFFCamp/webApp2/node_modules/.staging/qrcode-9e286d39 is being purged
213 verbose gentlyRm don't care about contents; nuking /Users/kamranabid/Desktop/TTFF-project/TTFFCamp/webApp2/node_modules/.staging/qrcode-9e286d39
214 silly gunzTarPerm modes [ '755', '644' ]
215 silly gunzTarPerm extractEntry package.json
216 silly gunzTarPerm modified mode [ 'package.json', 436, 420 ]
217 silly gunzTarPerm extractEntry package.json
218 silly gunzTarPerm extractEntry package.json
219 silly gunzTarPerm modified mode [ 'package.json', 436, 420 ]
220 silly gunzTarPerm extractEntry README.md
221 silly gunzTarPerm modified mode [ 'README.md', 436, 420 ]
222 silly gunzTarPerm extractEntry .npmignore
223 silly gunzTarPerm extractEntry index.js
224 silly gunzTarPerm extractEntry include_dirs.js
225 silly gunzTarPerm modified mode [ 'include_dirs.js', 436, 420 ]
226 silly gunzTarPerm extractEntry .npmignore
227 silly gunzTarPerm modified mode [ '.npmignore', 436, 420 ]
228 silly gunzTarPerm extractEntry README.md
229 silly gunzTarPerm modified mode [ 'README.md', 436, 420 ]
230 silly gunzTarPerm extractEntry Readme.md
231 silly gunzTarPerm extractEntry binding.gyp
232 silly gunzTarPerm extractEntry nan_converters_43_inl.h
233 silly gunzTarPerm modified mode [ 'nan_converters_43_inl.h', 436, 420 ]
234 silly gunzTarPerm extractEntry LICENSE.md
235 silly gunzTarPerm modified mode [ 'LICENSE.md', 436, 420 ]
236 silly gunzTarPerm extractEntry doc/new.md
237 silly gunzTarPerm modified mode [ 'doc/new.md', 436, 420 ]
238 silly gunzTarPerm extractEntry build.js
239 silly gunzTarPerm modified mode [ 'build.js', 436, 420 ]
240 silly gunzTarPerm extractEntry qrcode.js
241 silly gunzTarPerm modified mode [ 'qrcode.js', 436, 420 ]
242 silly gunzTarPerm extractEntry doc/asyncworker.md
243 silly gunzTarPerm modified mode [ 'doc/asyncworker.md', 436, 420 ]
244 silly gunzTarPerm extractEntry .travis.yml
245 silly gunzTarPerm extractEntry qrcodeclient.js
246 silly gunzTarPerm modified mode [ 'qrcodeclient.js', 436, 420 ]
247 silly gunzTarPerm extractEntry bin/qrcode
248 silly gunzTarPerm modified mode [ 'bin/qrcode', 509, 493 ]
249 silly gunzTarPerm extractEntry doc/callback.md
250 silly gunzTarPerm modified mode [ 'doc/callback.md', 436, 420 ]
251 silly gunzTarPerm extractEntry doc/converters.md
252 silly gunzTarPerm modified mode [ 'doc/converters.md', 436, 420 ]
253 silly gunzTarPerm extractEntry lib/bindings.js
254 silly gunzTarPerm extractEntry lib/canvas.js
255 silly gunzTarPerm extractEntry build/qrcode.js
256 silly gunzTarPerm modified mode [ 'build/qrcode.js', 436, 420 ]
257 silly gunzTarPerm extractEntry build/qrcode.min.js
258 silly gunzTarPerm modified mode [ 'build/qrcode.min.js', 436, 420 ]
259 silly gunzTarPerm extractEntry doc/errors.md
260 silly gunzTarPerm modified mode [ 'doc/errors.md', 436, 420 ]
261 silly gunzTarPerm extractEntry doc/json.md
262 silly gunzTarPerm modified mode [ 'doc/json.md', 436, 420 ]
263 silly gunzTarPerm extractEntry lib/context2d.js
264 silly gunzTarPerm extractEntry lib/image.js
265 silly gunzTarPerm extractEntry build/.g
266 silly gunzTarPerm modified mode [ 'build/.g', 436, 420 ]
267 silly gunzTarPerm extractEntry .jshintignore
268 silly gunzTarPerm modified mode [ '.jshintignore', 436, 420 ]
269 silly gunzTarPerm extractEntry doc/maybe_types.md
270 silly gunzTarPerm modified mode [ 'doc/maybe_types.md', 436, 420 ]
271 silly gunzTarPerm extractEntry doc/methods.md
272 silly gunzTarPerm modified mode [ 'doc/methods.md', 436, 420 ]
273 silly gunzTarPerm extractEntry lib/jpegstream.js
274 silly gunzTarPerm extractEntry lib/pngstream.js
275 silly gunzTarPerm extractEntry lib/qrcapacitytable.js
276 silly gunzTarPerm modified mode [ 'lib/qrcapacitytable.js', 436, 420 ]
277 silly gunzTarPerm extractEntry lib/qrcode-draw.js
278 silly gunzTarPerm modified mode [ 'lib/qrcode-draw.js', 436, 420 ]
279 silly gunzTarPerm extractEntry doc/buffers.md
280 silly gunzTarPerm modified mode [ 'doc/buffers.md', 436, 420 ]
281 silly gunzTarPerm extractEntry doc/node_misc.md
282 silly gunzTarPerm modified mode [ 'doc/node_misc.md', 436, 420 ]
283 silly gunzTarPerm extractEntry lib/qrcode.js
284 silly gunzTarPerm modified mode [ 'lib/qrcode.js', 436, 420 ]
285 silly gunzTarPerm extractEntry lib/termialrender.js
286 silly gunzTarPerm modified mode [ 'lib/termialrender.js', 436, 420 ]
287 silly gunzTarPerm extractEntry History.md
288 silly gunzTarPerm extractEntry src/Image.cc
289 silly gunzTarPerm extractEntry doc/object_wrappers.md
290 silly gunzTarPerm modified mode [ 'doc/object_wrappers.md', 436, 420 ]
291 silly gunzTarPerm extractEntry doc/persistent.md
292 silly gunzTarPerm modified mode [ 'doc/persistent.md', 436, 420 ]
293 silly gunzTarPerm extractEntry src/Canvas.cc
294 silly gunzTarPerm extractEntry src/CanvasGradient.cc
295 silly gunzTarPerm extractEntry license
296 silly gunzTarPerm modified mode [ 'license', 436, 420 ]
297 silly gunzTarPerm extractEntry test/cli.js
298 silly gunzTarPerm modified mode [ 'test/cli.js', 436, 420 ]
299 silly gunzTarPerm extractEntry test/clientsideserver.js
300 silly gunzTarPerm modified mode [ 'test/clientsideserver.js', 436, 420 ]
301 silly gunzTarPerm extractEntry test/save.js
302 silly gunzTarPerm modified mode [ 'test/save.js', 436, 420 ]
303 silly gunzTarPerm extractEntry test/server.js
304 silly gunzTarPerm modified mode [ 'test/server.js', 436, 420 ]
305 silly gunzTarPerm extractEntry doc/scopes.md
306 silly gunzTarPerm modified mode [ 'doc/scopes.md', 436, 420 ]
307 silly gunzTarPerm extractEntry doc/script.md
308 silly gunzTarPerm modified mode [ 'doc/script.md', 436, 420 ]
309 silly gunzTarPerm extractEntry src/CanvasGradient.h
310 silly gunzTarPerm extractEntry src/CanvasPattern.cc
311 silly gunzTarPerm extractEntry doc/string_bytes.md
312 silly gunzTarPerm modified mode [ 'doc/string_bytes.md', 436, 420 ]
313 silly gunzTarPerm extractEntry doc/v8_internals.md
314 silly gunzTarPerm modified mode [ 'doc/v8_internals.md', 436, 420 ]
315 silly gunzTarPerm extractEntry test/url.js
316 silly gunzTarPerm modified mode [ 'test/url.js', 436, 420 ]
317 silly gunzTarPerm extractEntry test/clientside.html
318 silly gunzTarPerm modified mode [ 'test/clientside.html', 436, 420 ]
319 silly gunzTarPerm extractEntry test/fixtures/bacon-bikini.png
320 silly gunzTarPerm modified mode [ 'test/fixtures/bacon-bikini.png', 436, 420 ]
321 silly gunzTarPerm extractEntry src/CanvasPattern.h
322 silly gunzTarPerm extractEntry src/CanvasRenderingContext2d.cc
323 silly gunzTarPerm extractEntry doc/v8_misc.md
324 silly gunzTarPerm modified mode [ 'doc/v8_misc.md', 436, 420 ]
325 silly gunzTarPerm extractEntry src/CanvasRenderingContext2d.h
326 silly gunzTarPerm extractEntry src/FontFace.cc
327 silly gunzTarPerm extractEntry nan.h
328 silly gunzTarPerm modified mode [ 'nan.h', 436, 420 ]
329 silly gunzTarPerm extractEntry nan_callbacks.h
330 silly gunzTarPerm modified mode [ 'nan_callbacks.h', 436, 420 ]
331 silly gunzTarPerm extractEntry src/FontFace.h
332 silly gunzTarPerm extractEntry src/Canvas.h
333 silly gunzTarPerm extractEntry nan_callbacks_12_inl.h
334 silly gunzTarPerm modified mode [ 'nan_callbacks_12_inl.h', 436, 420 ]
335 silly gunzTarPerm extractEntry nan_callbacks_pre_12_inl.h
336 silly gunzTarPerm modified mode [ 'nan_callbacks_pre_12_inl.h', 436, 420 ]
337 silly gunzTarPerm extractEntry nan_converters.h
338 silly gunzTarPerm modified mode [ 'nan_converters.h', 436, 420 ]
339 silly gunzTarPerm extractEntry nan_converters_pre_43_inl.h
340 silly gunzTarPerm modified mode [ 'nan_converters_pre_43_inl.h', 436, 420 ]
341 silly gunzTarPerm extractEntry test/fixtures/bacon-love.png
342 silly gunzTarPerm modified mode [ 'test/fixtures/bacon-love.png', 436, 420 ]
343 silly gunzTarPerm extractEntry src/Image.h
344 silly gunzTarPerm extractEntry src/ImageData.cc
345 silly gunzTarPerm extractEntry src/ImageData.h
346 silly gunzTarPerm extractEntry nan_implementation_12_inl.h
347 silly gunzTarPerm modified mode [ 'nan_implementation_12_inl.h', 436, 420 ]
348 silly gunzTarPerm extractEntry nan_implementation_pre_12_inl.h
349 silly gunzTarPerm modified mode [ 'nan_implementation_pre_12_inl.h', 436, 420 ]
350 silly gunzTarPerm extractEntry nan_json.h
351 silly gunzTarPerm modified mode [ 'nan_json.h', 436, 420 ]
352 silly gunzTarPerm extractEntry nan_maybe_43_inl.h
353 silly gunzTarPerm modified mode [ 'nan_maybe_43_inl.h', 436, 420 ]
354 silly gunzTarPerm extractEntry src/JPEGStream.h
355 silly gunzTarPerm extractEntry src/PNG.h
356 silly gunzTarPerm extractEntry src/Point.h
357 silly gunzTarPerm extractEntry src/closure.h
358 silly gunzTarPerm extractEntry nan_maybe_pre_43_inl.h
359 silly gunzTarPerm modified mode [ 'nan_maybe_pre_43_inl.h', 436, 420 ]
360 silly gunzTarPerm extractEntry nan_new.h
361 silly gunzTarPerm modified mode [ 'nan_new.h', 436, 420 ]
362 silly gunzTarPerm extractEntry .travis.yml
363 silly gunzTarPerm modified mode [ '.travis.yml', 436, 420 ]
364 silly gunzTarPerm extractEntry src/color.cc
365 silly gunzTarPerm extractEntry src/color.h
366 silly gunzTarPerm extractEntry nan_object_wrap.h
367 silly gunzTarPerm modified mode [ 'nan_object_wrap.h', 436, 420 ]
368 silly gunzTarPerm extractEntry nan_persistent_12_inl.h
369 silly gunzTarPerm modified mode [ 'nan_persistent_12_inl.h', 436, 420 ]
370 silly gunzTarPerm extractEntry CONTRIBUTING.md
371 silly gunzTarPerm modified mode [ 'CONTRIBUTING.md', 436, 420 ]
372 silly gunzTarPerm extractEntry vendors/excanvas/README
373 silly gunzTarPerm modified mode [ 'vendors/excanvas/README', 436, 420 ]
374 silly gunzTarPerm extractEntry nan_persistent_pre_12_inl.h
375 silly gunzTarPerm modified mode [ 'nan_persistent_pre_12_inl.h', 436, 420 ]
376 silly gunzTarPerm extractEntry nan_private.h
377 silly gunzTarPerm modified mode [ 'nan_private.h', 436, 420 ]
378 silly gunzTarPerm extractEntry src/init.cc
379 silly gunzTarPerm extractEntry util/has_lib.sh
380 silly gunzTarPerm extractEntry vendors/excanvas/excanvas.compiled.js
381 silly gunzTarPerm modified mode [ 'vendors/excanvas/excanvas.compiled.js', 436, 420 ]
382 silly gunzTarPerm extractEntry vendors/excanvas/excanvas.js
383 silly gunzTarPerm modified mode [ 'vendors/excanvas/excanvas.js', 436, 420 ]
384 silly gunzTarPerm extractEntry nan_string_bytes.h
385 silly gunzTarPerm modified mode [ 'nan_string_bytes.h', 436, 420 ]
386 silly gunzTarPerm extractEntry nan_typedarray_contents.h
387 silly gunzTarPerm modified mode [ 'nan_typedarray_contents.h', 436, 420 ]
388 silly gunzTarPerm extractEntry nan_weak.h
389 silly gunzTarPerm modified mode [ 'nan_weak.h', 436, 420 ]
390 silly gunzTarPerm extractEntry CHANGELOG.md
391 silly gunzTarPerm modified mode [ 'CHANGELOG.md', 436, 420 ]
392 silly gunzTarPerm extractEntry tools/package.json
393 silly gunzTarPerm modified mode [ 'tools/package.json', 436, 420 ]
394 silly gunzTarPerm extractEntry tools/README.md
395 silly gunzTarPerm modified mode [ 'tools/README.md', 436, 420 ]
396 silly gunzTarPerm extractEntry tools/1to2.js
397 silly gunzTarPerm modified mode [ 'tools/1to2.js', 509, 493 ]
398 silly gentlyRm /Users/kamranabid/Desktop/TTFF-project/TTFFCamp/webApp2/node_modules/.staging/canvas-08621eb0/node_modules is being purged
399 verbose gentlyRm don't care about contents; nuking /Users/kamranabid/Desktop/TTFF-project/TTFFCamp/webApp2/node_modules/.staging/canvas-08621eb0/node_modules
400 silly gentlyRm /Users/kamranabid/Desktop/TTFF-project/TTFFCamp/webApp2/node_modules/.staging/qrcode-9e286d39/node_modules is being purged
401 verbose gentlyRm don't care about contents; nuking /Users/kamranabid/Desktop/TTFF-project/TTFFCamp/webApp2/node_modules/.staging/qrcode-9e286d39/node_modules
402 silly gentlyRm /Users/kamranabid/Desktop/TTFF-project/TTFFCamp/webApp2/node_modules/.staging/nan-10f64d01/node_modules is being purged
403 verbose gentlyRm don't care about contents; nuking /Users/kamranabid/Desktop/TTFF-project/TTFFCamp/webApp2/node_modules/.staging/nan-10f64d01/node_modules
404 silly doParallel preinstall 3
405 silly preinstall nan@2.6.2 /Users/kamranabid/Desktop/TTFF-project/TTFFCamp/webApp2/node_modules/.staging/nan-10f64d01
406 info lifecycle nan@2.6.2~preinstall: nan@2.6.2
407 silly preinstall canvas@1.3.16 /Users/kamranabid/Desktop/TTFF-project/TTFFCamp/webApp2/node_modules/.staging/canvas-08621eb0
408 info lifecycle canvas@1.3.16~preinstall: canvas@1.3.16
409 silly preinstall qrcode@0.4.4 /Users/kamranabid/Desktop/TTFF-project/TTFFCamp/webApp2/node_modules/.staging/qrcode-9e286d39
410 info lifecycle qrcode@0.4.4~preinstall: qrcode@0.4.4
411 silly lifecycle nan@2.6.2~preinstall: no script for preinstall, continuing
412 silly lifecycle canvas@1.3.16~preinstall: no script for preinstall, continuing
413 silly lifecycle qrcode@0.4.4~preinstall: no script for preinstall, continuing
414 silly doReverseSerial remove 0
415 silly doSerial move 0
416 silly doSerial finalize 3
417 silly finalize /Users/kamranabid/Desktop/TTFF-project/TTFFCamp/webApp2/node_modules/nan
418 silly finalize /Users/kamranabid/Desktop/TTFF-project/TTFFCamp/webApp2/node_modules/canvas
419 silly finalize /Users/kamranabid/Desktop/TTFF-project/TTFFCamp/webApp2/node_modules/qrcode
420 silly doSerial build 3
421 silly build nan@2.6.2
422 info linkStuff nan@2.6.2
423 silly linkStuff nan@2.6.2 has /Users/kamranabid/Desktop/TTFF-project/TTFFCamp/webApp2/node_modules as its parent node_modules
424 verbose linkBins nan@2.6.2
425 verbose linkMans nan@2.6.2
426 silly build canvas@1.3.16
427 info linkStuff canvas@1.3.16
428 silly linkStuff canvas@1.3.16 has /Users/kamranabid/Desktop/TTFF-project/TTFFCamp/webApp2/node_modules as its parent node_modules
429 verbose linkBins canvas@1.3.16
430 verbose linkMans canvas@1.3.16
431 silly build qrcode@0.4.4
432 info linkStuff qrcode@0.4.4
433 silly linkStuff qrcode@0.4.4 has /Users/kamranabid/Desktop/TTFF-project/TTFFCamp/webApp2/node_modules as its parent node_modules
434 verbose linkBins qrcode@0.4.4
435 verbose link bins [ { qrcode: './bin/qrcode' },
435 verbose link bins   '/Users/kamranabid/Desktop/TTFF-project/TTFFCamp/webApp2/node_modules/.bin',
435 verbose link bins   false ]
436 verbose linkMans qrcode@0.4.4
437 silly doSerial global-link 0
438 silly doParallel update-linked 0
439 silly doSerial install 3
440 silly install nan@2.6.2 /Users/kamranabid/Desktop/TTFF-project/TTFFCamp/webApp2/node_modules/.staging/nan-10f64d01
441 info lifecycle nan@2.6.2~install: nan@2.6.2
442 silly lifecycle nan@2.6.2~install: no script for install, continuing
443 silly install canvas@1.3.16 /Users/kamranabid/Desktop/TTFF-project/TTFFCamp/webApp2/node_modules/.staging/canvas-08621eb0
444 info lifecycle canvas@1.3.16~install: canvas@1.3.16
445 verbose lifecycle canvas@1.3.16~install: unsafe-perm in lifecycle false
446 verbose lifecycle canvas@1.3.16~install: PATH: /usr/local/lib/node_modules/npm/bin/node-gyp-bin:/Users/kamranabid/Desktop/TTFF-project/TTFFCamp/webApp2/node_modules/canvas/node_modules/.bin:/Users/kamranabid/Desktop/TTFF-project/TTFFCamp/webApp2/node_modules/.bin:/Users/kamranabid/.rvm/gems/ruby-2.2.4/bin:/Users/kamranabid/.rvm/gems/ruby-2.2.4@global/bin:/Users/kamranabid/.rvm/rubies/ruby-2.2.4/bin:/usr/local/bin:/usr/local/sbin:/usr/local/bin:/usr/bin:/bin:/usr/sbin:/sbin:/Users/kamranabid/.rvm/bin
447 verbose lifecycle canvas@1.3.16~install: CWD: /Users/kamranabid/Desktop/TTFF-project/TTFFCamp/webApp2/node_modules/canvas
448 silly lifecycle canvas@1.3.16~install: Args: [ '-c', 'node-gyp rebuild' ]
449 silly lifecycle canvas@1.3.16~install: Returned: code: 1  signal: null
450 info lifecycle canvas@1.3.16~install: Failed to exec install script
451 verbose unlock done using /Users/kamranabid/.npm/_locks/staging-4300e487a60ecc47.lock for /Users/kamranabid/Desktop/TTFF-project/TTFFCamp/webApp2/node_modules/.staging
452 silly rollbackFailedOptional Starting
453 silly rollbackFailedOptional Finishing
454 silly runTopLevelLifecycles Finishing
455 silly install printInstalled
456 warn webApp2 No description
457 verbose If you need help, you may report this error at:
457 verbose     <https://github.com/npm/npm/issues>
458 warn webApp2 No repository field.
459 verbose If you need help, you may report this error at:
459 verbose     <https://github.com/npm/npm/issues>
460 warn webApp2 No license field.
461 verbose If you need help, you may report this error at:
461 verbose     <https://github.com/npm/npm/issues>
462 verbose stack Error: canvas@1.3.16 install: `node-gyp rebuild`
462 verbose stack Exit status 1
462 verbose stack     at EventEmitter.<anonymous> (/usr/local/lib/node_modules/npm/lib/utils/lifecycle.js:255:16)
462 verbose stack     at emitTwo (events.js:106:13)
462 verbose stack     at EventEmitter.emit (events.js:191:7)
462 verbose stack     at ChildProcess.<anonymous> (/usr/local/lib/node_modules/npm/lib/utils/spawn.js:40:14)
462 verbose stack     at emitTwo (events.js:106:13)
462 verbose stack     at ChildProcess.emit (events.js:191:7)
462 verbose stack     at maybeClose (internal/child_process.js:877:16)
462 verbose stack     at Process.ChildProcess._handle.onexit (internal/child_process.js:226:5)
463 verbose pkgid canvas@1.3.16
464 verbose cwd /Users/kamranabid/Desktop/TTFF-project/TTFFCamp/webApp2
465 error Darwin 16.4.0
466 error argv "/usr/local/bin/node" "/usr/local/bin/npm" "i"
467 error node v6.9.2
468 error npm  v3.10.9
469 error code ELIFECYCLE
470 error canvas@1.3.16 install: `node-gyp rebuild`
470 error Exit status 1
471 error Failed at the canvas@1.3.16 install script 'node-gyp rebuild'.
471 error Make sure you have the latest version of node.js and npm installed.
471 error If you do, this is most likely a problem with the canvas package,
471 error not with npm itself.
471 error Tell the author that this fails on your system:
471 error     node-gyp rebuild
471 error You can get information on how to open an issue for this project with:
471 error     npm bugs canvas
471 error Or if that isn't available, you can get their info via:
471 error     npm owner ls canvas
471 error There is likely additional logging output above.
472 verbose exit [ 1, true ]
